2026/07/23 15:13:38 Server starting on :5000
2026/07/23 15:14:05 [::1] GET /health | 200 | 0s
2026/07/23 15:14:05 [::1] GET /health | 200 | 0s
2026/07/23 15:14:07 [::1] GET /api/v1/companies | 401 | 0s
2026/07/23 15:14:30 [::1] GET /swagger/index.html | 200 | 507.7µs
2026/07/23 15:14:30 [::1] GET /api/v1/companies | 401 | 0s
2026/07/23 15:14:47 [::1] GET /health | 200 | 0s
2026/07/23 15:14:47 [::1] GET /api/v1/companies | 401 | 0s
2026/07/23 15:14:47 [::1] GET /swagger/index.html | 200 | 0s
2026/07/23 15:19:35 [::1] GET /health | 200 | 0s
2026/07/23 15:19:36 [::1] GET /swagger/index.html | 200 | 0s
2026/07/23 15:19:36 [::1] GET /api/v1/companies | 401 | 0s
2026/07/23 15:19:36 [::1] GET /health | 200 | 0s
2026/07/23 15:34:49 [::1] GET /health | 200 | 0s
2026/07/23 15:35:39 [::1] GET /health | 200 | 0s
2026/07/23 15:35:39 [::1] GET /swagger/index.html | 200 | 97.3209ms
2026/07/23 15:35:39 [::1] GET /health | 200 | 0s
2026/07/23 15:50:12 [::1] GET /api/v1/health | 404 | 0s
2026/07/23 15:54:17 Shutting down server...
2026/07/23 15:54:17 Database connection closed
2026/07/23 15:54:17 Server exited gracefully
2026/07/23 15:54:26 Server starting on :5000
2026/07/23 15:55:38 [::1] POST /api/v1/auth/login | 401 | 10.0821ms
2026/07/23 15:56:24 [::1] POST /api/v1/auth/login | 200 | 405.9897ms
2026/07/23 15:56:24 [::1] GET /api/v1/auth/me | 200 | 6.6126ms
2026/07/23 15:56:29 [::1] GET /api/v1/companies | 200 | 14.5126ms
2026/07/23 15:56:29 [::1] GET /api/v1/companies | 200 | 1.0127ms
2026/07/23 15:56:29 [::1] GET /api/v1/companies | 200 | 1.9731ms
2026/07/23 15:56:29 [::1] GET /uploads/1a55adad8432f580_1784437436973812700.png | 200 | 107.5949ms
2026/07/23 15:56:34 [::1] GET /api/v1/auth/me | 200 | 1.4021ms
2026/07/23 15:56:35 [::1] GET /api/v1/companies | 200 | 161.3568ms
2026/07/23 15:56:35 [::1] GET /api/v1/companies | 200 | 507.9µs
2026/07/23 15:56:35 [::1] GET /api/v1/companies | 200 | 729.4µs
2026/07/23 15:56:40 [::1] GET /api/v1/companies | 200 | 5.9785ms
2026/07/23 15:56:40 [::1] GET /api/v1/shifts | 200 | 8.3073ms
2026/07/23 15:56:40 [::1] GET /api/v1/floors | 200 | 99.3346ms
2026/07/23 15:56:40 [::1] GET /api/v1/groups | 200 | 100.4453ms
2026/07/23 15:56:40 [::1] GET /api/v1/departments | 200 | 117.7717ms
2026/07/23 15:56:40 [::1] GET /api/v1/employees | 200 | 165.1714ms
2026/07/23 15:56:40 [::1] GET /api/v1/employees | 200 | 9.7938ms
2026/07/23 15:56:44 [::1] GET /api/v1/data-logs/stats | 200 | 37.5361ms
2026/07/23 15:56:49 [::1] POST /api/v1/data-logs/import | 200 | 2.625281s
2026/07/23 15:56:49 [::1] GET /api/v1/data-logs/stats | 200 | 4.6521ms
2026/07/23 15:56:54 [::1] GET /api/v1/companies | 200 | 809.1µs
2026/07/23 15:56:54 [::1] GET /api/v1/attendance/stats | 200 | 5.3588ms
2026/07/23 15:56:59 [::1] POST /api/v1/data-logs/process | 200 | 659.0068ms
2026/07/23 15:56:59 [::1] GET /api/v1/attendance/stats | 200 | 654.4µs
2026/07/23 15:57:02 [::1] GET /api/v1/groups | 200 | 12.7577ms
2026/07/23 15:57:02 [::1] GET /api/v1/employees | 200 | 44.0078ms
2026/07/23 15:57:02 [::1] GET /api/v1/departments | 200 | 75.1439ms
2026/07/23 15:57:02 [::1] GET /api/v1/floors | 200 | 91.3551ms
2026/07/23 15:57:02 [::1] GET /api/v1/shifts | 200 | 91.8469ms
2026/07/23 15:57:02 [::1] GET /api/v1/companies | 200 | 124.0401ms
2026/07/23 15:57:02 [::1] GET /api/v1/employees | 200 | 7.4948ms
2026/07/23 15:57:04 [::1] GET /api/v1/requirements/section-summary | 200 | 85.6843ms
2026/07/23 15:57:07 [::1] GET /api/v1/companies | 200 | 507.4µs
2026/07/23 15:57:07 [::1] GET /api/v1/departments | 200 | 950.5µs
2026/07/23 15:57:07 [::1] GET /api/v1/groups | 200 | 1.5201ms
2026/07/23 15:57:07 [::1] GET /api/v1/shifts | 200 | 1.5201ms
2026/07/23 15:57:07 [::1] GET /api/v1/floors | 200 | 2.5614ms
2026/07/23 15:57:07 [::1] GET /api/v1/employees | 200 | 6.9369ms
2026/07/23 15:57:07 [::1] GET /api/v1/employees | 200 | 6.8216ms
2026/07/23 15:57:11 [IDCard] testing font: C:\Windows\Fonts\SutonnyMJ.ttf
2026/07/23 15:57:11 [IDCard] font OK: C:\Windows\Fonts\SutonnyMJ.ttf
2026/07/23 15:57:11 [IDCard] selected font=Bangla path=C:\Windows\Fonts\SutonnyMJ.ttf bold=C:\Windows\Fonts\SutonnyMJ-Bold.ttf
2026/07/23 15:57:11 [::1] POST /api/v1/id-cards/generate | 200 | 279.1926ms
2026/07/23 15:57:19 [::1] GET /api/v1/companies | 200 | 510.4µs
2026/07/23 15:57:19 [::1] GET /api/v1/companies | 200 | 1.2559ms
2026/07/23 15:57:19 [::1] GET /api/v1/companies | 200 | 1.0005ms
2026/07/23 15:57:20 [::1] GET /api/v1/shifts | 200 | 1.2191ms
2026/07/23 15:57:21 [::1] GET /api/v1/companies | 200 | 581.1µs
2026/07/23 15:57:21 [::1] GET /api/v1/temporary-shifts | 200 | 2.244ms
2026/07/23 15:57:21 [::1] GET /api/v1/divisions | 200 | 1.593ms
2026/07/23 15:57:21 [::1] GET /api/v1/divisions | 200 | 2.1277ms
2026/07/23 15:57:22 [::1] GET /api/v1/groups | 200 | 693.9µs
2026/07/23 15:57:22 [::1] GET /api/v1/floors | 200 | 1.1265ms
