Error: ENOTDIR: not a directory, scandir 'F:\softwer\hrhub\web\build\standalone\public'
    at ignore-listed frames {
  errno: -4052,
  code: 'ENOTDIR',
  syscall: 'scandir',
  path: 'F:\\softwer\\hrhub\\web\\build\\standalone\\public'
}
Error: ENOTDIR: not a directory, scandir 'F:\softwer\hrhub\web\build\standalone\public'
    at ignore-listed frames {
  errno: -4052,
  code: 'ENOTDIR',
  syscall: 'scandir',
  path: 'F:\\softwer\\hrhub\\web\\build\\standalone\\public'
}
Error: ENOTDIR: not a directory, scandir 'F:\softwer\hrhub\web\build\standalone\public'
    at ignore-listed frames {
  errno: -4052,
  code: 'ENOTDIR',
  syscall: 'scandir',
  path: 'F:\\softwer\\hrhub\\web\\build\\standalone\\public'
}
Error: ENOTDIR: not a directory, scandir 'F:\softwer\hrhub\web\build\standalone\public'
    at ignore-listed frames {
  errno: -4052,
  code: 'ENOTDIR',
  syscall: 'scandir',
  path: 'F:\\softwer\\hrhub\\web\\build\\standalone\\public'
}
Error: Failed to find Server Action "x". This request might be from an older or newer deployment.
Read more: https://nextjs.org/docs/messages/failed-to-find-server-action
    at ignore-listed frames
