2026-07-24 11:48:13,097 DEBUG - Starting WinSW in console mode
2026-07-24 11:48:13,140 INFO  - Installing service 'PeopleHub Web Frontend (PeopleHubWeb)'...
2026-07-24 11:48:13,205 INFO  - Service 'PeopleHub Web Frontend (PeopleHubWeb)' was installed successfully.
2026-07-24 11:50:36,231 DEBUG - Starting WinSW in service mode
2026-07-24 11:50:36,412 INFO  - Starting node F:\\softwer\\hrhub\web\build\standalone\server.js
2026-07-24 11:50:36,451 INFO  - Started process 3628
2026-07-24 11:50:36,465 DEBUG - Forwarding logs of the process System.Diagnostics.Process (node) to WinSW.SizeBasedRollingLogAppender
2026-07-24 11:52:59,921 INFO  - Stopping PeopleHubWeb
2026-07-24 11:52:59,922 DEBUG - ProcessKill 3628
2026-07-24 11:52:59,925 DEBUG - Stopping process 3628...
2026-07-24 11:52:59,942 DEBUG - Process 3628 canceled with code 130.
2026-07-24 11:52:59,947 ERROR - Failed to stop service.
System.ComponentModel.Win32Exception (6): The handle is invalid.
   at System.Diagnostics.Process.GetProcessTimes()
   at System.Diagnostics.Process.get_StartTimeCore()
   at System.Diagnostics.Process.get_StartTime()
   at WinSW.Util.ProcessHelper.GetChildren(Process process)
   at WinSW.Util.ProcessHelper.StopProcessTree(Process process, TimeSpan stopTimeout, Boolean stopParentProcessFirst)
   at WinSW.WrapperService.DoStop()
   at WinSW.WrapperService.OnStop()
2026-07-24 11:53:01,407 DEBUG - Starting WinSW in service mode
2026-07-24 11:53:01,588 INFO  - Starting node F:\\softwer\\hrhub\web\build\standalone\server.js
2026-07-24 11:53:01,627 INFO  - Started process 11060
2026-07-24 11:53:01,642 DEBUG - Forwarding logs of the process System.Diagnostics.Process (node) to WinSW.SizeBasedRollingLogAppender
2026-07-24 12:01:15,420 INFO  - Stopping PeopleHubWeb
2026-07-24 12:01:15,449 DEBUG - ProcessKill 11060
2026-07-24 12:01:15,452 DEBUG - Stopping process 11060...
2026-07-24 12:01:15,472 DEBUG - Process 11060 canceled with code 130.
2026-07-24 12:01:15,536 INFO  - Finished PeopleHubWeb
2026-07-24 12:03:21,417 DEBUG - Starting WinSW in service mode
2026-07-24 12:03:21,599 INFO  - Starting node F:\\softwer\\hrhub\web\build\standalone\server.js
2026-07-24 12:03:21,637 INFO  - Started process 5872
2026-07-24 12:03:21,655 DEBUG - Forwarding logs of the process System.Diagnostics.Process (node) to WinSW.SizeBasedRollingLogAppender
2026-07-24 12:03:38,107 DEBUG - Starting WinSW in service mode
2026-07-24 12:03:38,320 INFO  - Starting node F:\\softwer\\hrhub\web\build\standalone\server.js
2026-07-24 12:03:38,362 INFO  - Started process 3176
2026-07-24 12:03:38,378 DEBUG - Forwarding logs of the process System.Diagnostics.Process (node) to WinSW.SizeBasedRollingLogAppender
2026-07-24 12:03:49,370 DEBUG - Starting WinSW in service mode
2026-07-24 12:03:49,587 INFO  - Starting node F:\\softwer\\hrhub\web\build\standalone\server.js
2026-07-24 12:03:49,630 INFO  - Started process 10012
2026-07-24 12:03:49,645 DEBUG - Forwarding logs of the process System.Diagnostics.Process (node) to WinSW.SizeBasedRollingLogAppender
2026-07-24 12:05:48,465 INFO  - Stopping PeopleHubWeb
2026-07-24 12:05:48,465 DEBUG - ProcessKill 10012
2026-07-24 12:05:48,468 DEBUG - Stopping process 10012...
2026-07-24 12:05:48,487 DEBUG - Process 10012 canceled with code 130.
2026-07-24 12:05:48,491 INFO  - Finished PeopleHubWeb
2026-07-24 12:07:05,816 DEBUG - Starting WinSW in service mode
2026-07-24 12:07:05,999 INFO  - Starting node F:\\softwer\\hrhub\web\build\standalone\server.js
2026-07-24 12:07:06,042 INFO  - Started process 15656
2026-07-24 12:07:06,058 DEBUG - Forwarding logs of the process System.Diagnostics.Process (node) to WinSW.SizeBasedRollingLogAppender
2026-07-24 12:07:19,999 DEBUG - Starting WinSW in service mode
2026-07-24 12:07:20,178 INFO  - Starting node F:\\softwer\\hrhub\web\build\standalone\server.js
2026-07-24 12:07:20,217 INFO  - Started process 14228
2026-07-24 12:07:20,232 DEBUG - Forwarding logs of the process System.Diagnostics.Process (node) to WinSW.SizeBasedRollingLogAppender
2026-07-24 12:07:31,159 DEBUG - Starting WinSW in service mode
2026-07-24 12:07:31,349 INFO  - Starting node F:\\softwer\\hrhub\web\build\standalone\server.js
2026-07-24 12:07:31,391 INFO  - Started process 13804
2026-07-24 12:07:31,407 DEBUG - Forwarding logs of the process System.Diagnostics.Process (node) to WinSW.SizeBasedRollingLogAppender
