
2026/07/24 11:48:19 [35mF:/softwer/hrhub/internal/database/postgres.go:19
[0m[31m[error] [0mfailed to initialize database, got error failed to connect to `user=shakil database=peoplehub`: [::1]:5432 (localhost): server error: FATAL: database "peoplehub" does not exist (SQLSTATE 3D000)

2026/07/24 11:48:30 [35mF:/softwer/hrhub/internal/database/postgres.go:19
[0m[31m[error] [0mfailed to initialize database, got error failed to connect to `user=shakil database=peoplehub`: [::1]:5432 (localhost): server error: FATAL: database "peoplehub" does not exist (SQLSTATE 3D000)

2026/07/24 11:48:41 [35mF:/softwer/hrhub/internal/database/postgres.go:19
[0m[31m[error] [0mfailed to initialize database, got error failed to connect to `user=shakil database=peoplehub`: [::1]:5432 (localhost): server error: FATAL: database "peoplehub" does not exist (SQLSTATE 3D000)

2026/07/24 11:48:52 [35mF:/softwer/hrhub/internal/database/postgres.go:19
[0m[31m[error] [0mfailed to initialize database, got error failed to connect to `user=shakil database=peoplehub`: [::1]:5432 (localhost): server error: FATAL: database "peoplehub" does not exist (SQLSTATE 3D000)

2026/07/24 11:49:02 [35mF:/softwer/hrhub/internal/database/postgres.go:19
[0m[31m[error] [0mfailed to initialize database, got error failed to connect to `user=shakil database=peoplehub`: [::1]:5432 (localhost): server error: FATAL: database "peoplehub" does not exist (SQLSTATE 3D000)

2026/07/24 11:49:13 [35mF:/softwer/hrhub/internal/database/postgres.go:19
[0m[31m[error] [0mfailed to initialize database, got error failed to connect to `user=shakil database=peoplehub`: [::1]:5432 (localhost): server error: FATAL: database "peoplehub" does not exist (SQLSTATE 3D000)

2026/07/24 11:49:24 [35mF:/softwer/hrhub/internal/database/postgres.go:19
[0m[31m[error] [0mfailed to initialize database, got error failed to connect to `user=shakil database=peoplehub`: [::1]:5432 (localhost): server error: FATAL: database "peoplehub" does not exist (SQLSTATE 3D000)

2026/07/24 11:49:35 [35mF:/softwer/hrhub/internal/database/postgres.go:19
[0m[31m[error] [0mfailed to initialize database, got error failed to connect to `user=shakil database=peoplehub`: [::1]:5432 (localhost): server error: FATAL: database "peoplehub" does not exist (SQLSTATE 3D000)

2026/07/24 11:49:46 [35mF:/softwer/hrhub/internal/database/postgres.go:19
[0m[31m[error] [0mfailed to initialize database, got error failed to connect to `user=shakil database=peoplehub`: [::1]:5432 (localhost): server error: FATAL: database "peoplehub" does not exist (SQLSTATE 3D000)

2026/07/24 11:49:57 [35mF:/softwer/hrhub/internal/database/postgres.go:19
[0m[31m[error] [0mfailed to initialize database, got error failed to connect to `user=shakil database=peoplehub`: [::1]:5432 (localhost): server error: FATAL: database "peoplehub" does not exist (SQLSTATE 3D000)

2026/07/24 11:50:08 [35mF:/softwer/hrhub/internal/database/postgres.go:19
[0m[31m[error] [0mfailed to initialize database, got error failed to connect to `user=shakil database=peoplehub`: [::1]:5432 (localhost): server error: FATAL: database "peoplehub" does not exist (SQLSTATE 3D000)

2026/07/24 11:50:18 [35mF:/softwer/hrhub/internal/database/postgres.go:19
[0m[31m[error] [0mfailed to initialize database, got error failed to connect to `user=shakil database=peoplehub`: [::1]:5432 (localhost): server error: FATAL: database "peoplehub" does not exist (SQLSTATE 3D000)

2026/07/24 11:50:29 [35mF:/softwer/hrhub/internal/database/postgres.go:19
[0m[31m[error] [0mfailed to initialize database, got error failed to connect to `user=shakil database=peoplehub`: [::1]:5432 (localhost): server error: FATAL: database "peoplehub" does not exist (SQLSTATE 3D000)

2026/07/24 11:50:35 [35mF:/softwer/hrhub/internal/database/postgres.go:19
[0m[31m[error] [0mfailed to initialize database, got error failed to connect to `user=shakil database=peoplehub`: [::1]:5432 (localhost): server error: FATAL: database "peoplehub" does not exist (SQLSTATE 3D000)

2026/07/24 11:50:40 [35mF:/softwer/hrhub/internal/database/postgres.go:19
[0m[31m[error] [0mfailed to initialize database, got error failed to connect to `user=shakil database=peoplehub`: [::1]:5432 (localhost): server error: FATAL: database "peoplehub" does not exist (SQLSTATE 3D000)

2026/07/24 11:50:46 [35mF:/softwer/hrhub/internal/database/postgres.go:19
[0m[31m[error] [0mfailed to initialize database, got error failed to connect to `user=shakil database=peoplehub`: [::1]:5432 (localhost): server error: FATAL: database "peoplehub" does not exist (SQLSTATE 3D000)

2026/07/24 11:50:51 [35mF:/softwer/hrhub/internal/database/postgres.go:19
[0m[31m[error] [0mfailed to initialize database, got error failed to connect to `user=shakil database=peoplehub`: [::1]:5432 (localhost): server error: FATAL: database "peoplehub" does not exist (SQLSTATE 3D000)

2026/07/24 11:50:57 [35mF:/softwer/hrhub/internal/database/postgres.go:19
[0m[31m[error] [0mfailed to initialize database, got error failed to connect to `user=shakil database=peoplehub`: [::1]:5432 (localhost): server error: FATAL: database "peoplehub" does not exist (SQLSTATE 3D000)

2026/07/24 11:51:02 [35mF:/softwer/hrhub/internal/database/postgres.go:19
[0m[31m[error] [0mfailed to initialize database, got error failed to connect to `user=shakil database=peoplehub`: [::1]:5432 (localhost): server error: FATAL: database "peoplehub" does not exist (SQLSTATE 3D000)

2026/07/24 11:51:08 [35mF:/softwer/hrhub/internal/database/postgres.go:19
[0m[31m[error] [0mfailed to initialize database, got error failed to connect to `user=shakil database=peoplehub`: [::1]:5432 (localhost): server error: FATAL: database "peoplehub" does not exist (SQLSTATE 3D000)

2026/07/24 11:51:13 [35mF:/softwer/hrhub/internal/database/postgres.go:19
[0m[31m[error] [0mfailed to initialize database, got error failed to connect to `user=shakil database=peoplehub`: [::1]:5432 (localhost): server error: FATAL: database "peoplehub" does not exist (SQLSTATE 3D000)

2026/07/24 11:51:19 [35mF:/softwer/hrhub/internal/database/postgres.go:19
[0m[31m[error] [0mfailed to initialize database, got error failed to connect to `user=shakil database=peoplehub`: [::1]:5432 (localhost): server error: FATAL: database "peoplehub" does not exist (SQLSTATE 3D000)

2026/07/24 11:51:23 [35mF:/softwer/hrhub/internal/database/postgres.go:19
[0m[31m[error] [0mfailed to initialize database, got error failed to connect to `user=shakil database=peoplehub`: [::1]:5432 (localhost): server error: FATAL: database "peoplehub" does not exist (SQLSTATE 3D000)

2026/07/24 11:51:29 [35mF:/softwer/hrhub/internal/database/postgres.go:19
[0m[31m[error] [0mfailed to initialize database, got error failed to connect to `user=shakil database=peoplehub`: [::1]:5432 (localhost): server error: FATAL: database "peoplehub" does not exist (SQLSTATE 3D000)

2026/07/24 11:51:34 [35mF:/softwer/hrhub/internal/database/postgres.go:19
[0m[31m[error] [0mfailed to initialize database, got error failed to connect to `user=shakil database=peoplehub`: [::1]:5432 (localhost): server error: FATAL: database "peoplehub" does not exist (SQLSTATE 3D000)

2026/07/24 11:51:40 [35mF:/softwer/hrhub/internal/database/postgres.go:19
[0m[31m[error] [0mfailed to initialize database, got error failed to connect to `user=shakil database=peoplehub`: [::1]:5432 (localhost): server error: FATAL: database "peoplehub" does not exist (SQLSTATE 3D000)

2026/07/24 11:51:45 [35mF:/softwer/hrhub/internal/database/postgres.go:19
[0m[31m[error] [0mfailed to initialize database, got error failed to connect to `user=shakil database=peoplehub`: [::1]:5432 (localhost): server error: FATAL: database "peoplehub" does not exist (SQLSTATE 3D000)

2026/07/24 11:51:51 [35mF:/softwer/hrhub/internal/database/postgres.go:19
[0m[31m[error] [0mfailed to initialize database, got error failed to connect to `user=shakil database=peoplehub`: [::1]:5432 (localhost): server error: FATAL: database "peoplehub" does not exist (SQLSTATE 3D000)

2026/07/24 11:51:56 [35mF:/softwer/hrhub/internal/database/postgres.go:19
[0m[31m[error] [0mfailed to initialize database, got error failed to connect to `user=shakil database=peoplehub`: [::1]:5432 (localhost): server error: FATAL: database "peoplehub" does not exist (SQLSTATE 3D000)

2026/07/24 11:52:02 [35mF:/softwer/hrhub/internal/database/postgres.go:19
[0m[31m[error] [0mfailed to initialize database, got error failed to connect to `user=shakil database=peoplehub`: [::1]:5432 (localhost): server error: FATAL: database "peoplehub" does not exist (SQLSTATE 3D000)

2026/07/24 11:52:07 [35mF:/softwer/hrhub/internal/database/postgres.go:19
[0m[31m[error] [0mfailed to initialize database, got error failed to connect to `user=shakil database=peoplehub`: [::1]:5432 (localhost): server error: FATAL: database "peoplehub" does not exist (SQLSTATE 3D000)

2026/07/24 11:52:13 [35mF:/softwer/hrhub/internal/database/postgres.go:19
[0m[31m[error] [0mfailed to initialize database, got error failed to connect to `user=shakil database=peoplehub`: [::1]:5432 (localhost): server error: FATAL: database "peoplehub" does not exist (SQLSTATE 3D000)

2026/07/24 11:52:18 [35mF:/softwer/hrhub/internal/database/postgres.go:19
[0m[31m[error] [0mfailed to initialize database, got error failed to connect to `user=shakil database=peoplehub`: [::1]:5432 (localhost): server error: FATAL: database "peoplehub" does not exist (SQLSTATE 3D000)

2026/07/24 11:52:24 [35mF:/softwer/hrhub/internal/database/postgres.go:19
[0m[31m[error] [0mfailed to initialize database, got error failed to connect to `user=shakil database=peoplehub`: [::1]:5432 (localhost): server error: FATAL: database "peoplehub" does not exist (SQLSTATE 3D000)

2026/07/24 11:52:28 [35mF:/softwer/hrhub/internal/database/postgres.go:19
[0m[31m[error] [0mfailed to initialize database, got error failed to connect to `user=shakil database=peoplehub`: [::1]:5432 (localhost): server error: FATAL: database "peoplehub" does not exist (SQLSTATE 3D000)
Database connected successfully
Database connected successfully
[GIN] 2026/07/24 - 11:55:33 | 204 |  520.5µs |             ::1 | OPTIONS  "/api/v1/auth/login"

2026/07/24 11:55:35 [32mF:/softwer/hrhub/internal/repository/user.go:45 [33mSLOW SQL >= 200ms
[0m[31;1m[317.581ms] [33m[rows:1][35m UPDATE "users" SET "failed_attempts"=0 WHERE id = 'bc342b4c-9896-4658-a041-74f288b56098' AND "users"."deleted_at" IS NULL[0m

2026/07/24 11:55:35 [31;1mF:/softwer/hrhub/internal/repository/user.go:123 [35;1mrecord not found
[0m[33m[3.001ms] [34;1m[rows:0][0m SELECT * FROM "employees" WHERE (user_id = 'bc342b4c-9896-4658-a041-74f288b56098' AND deleted_at IS NULL) AND "employees"."deleted_at" IS NULL ORDER BY "employees"."id" LIMIT 1
[GIN] 2026/07/24 - 11:55:35 | 200 |    1.86s |             ::1 | POST     "/api/v1/auth/login"
[GIN] 2026/07/24 - 12:16:56 | 204 |       0s |             ::1 | OPTIONS  "/api/v1/auth/me"
[GIN] 2026/07/24 - 12:16:56 | 401 | 196.46ms |             ::1 | GET      "/api/v1/auth/me"
[GIN] 2026/07/24 - 12:16:56 | 204 |       0s |             ::1 | OPTIONS  "/api/v1/auth/refresh"

2026/07/24 12:16:56 [31;1mF:/softwer/hrhub/internal/repository/user.go:123 [35;1mrecord not found
[0m[33m[1.996ms] [34;1m[rows:0][0m SELECT * FROM "employees" WHERE (user_id = 'bc342b4c-9896-4658-a041-74f288b56098' AND deleted_at IS NULL) AND "employees"."deleted_at" IS NULL ORDER BY "employees"."id" LIMIT 1
[GIN] 2026/07/24 - 12:16:56 | 200 | 122.66ms |             ::1 | POST     "/api/v1/auth/refresh"
[GIN] 2026/07/24 - 12:16:56 | 200 | 260.87ms |             ::1 | GET      "/api/v1/auth/me"
[GIN] 2026/07/24 - 12:16:58 | 204 |       0s |             ::1 | OPTIONS  "/api/v1/auth/logout"
[GIN] 2026/07/24 - 12:16:58 | 400 |       0s |             ::1 | POST     "/api/v1/auth/logout"
[GIN] 2026/07/24 - 12:17:00 | 204 |       0s |             ::1 | OPTIONS  "/api/v1/auth/login"

2026/07/24 12:17:00 [31;1mF:/softwer/hrhub/internal/repository/user.go:123 [35;1mrecord not found
[0m[33m[1.402ms] [34;1m[rows:0][0m SELECT * FROM "employees" WHERE (user_id = 'bc342b4c-9896-4658-a041-74f288b56098' AND deleted_at IS NULL) AND "employees"."deleted_at" IS NULL ORDER BY "employees"."id" LIMIT 1
[GIN] 2026/07/24 - 12:17:00 | 200 | 292.94ms |             ::1 | POST     "/api/v1/auth/login"
[GIN] 2026/07/24 - 12:17:01 | 204 |       0s |             ::1 | OPTIONS  "/api/v1/auth/me"
[GIN] 2026/07/24 - 12:17:01 | 200 |   1.24ms |             ::1 | GET      "/api/v1/auth/me"
[GIN] 2026/07/24 - 12:17:02 | 204 |       0s |             ::1 | OPTIONS  "/api/v1/companies?page=1&limit=10"
[GIN] 2026/07/24 - 12:17:02 | 204 |       0s |             ::1 | OPTIONS  "/api/v1/companies?page=1&limit=10"
[GIN] 2026/07/24 - 12:17:02 | 204 |       0s |             ::1 | OPTIONS  "/api/v1/companies?page=1&limit=10"
[GIN] 2026/07/24 - 12:17:03 | 200 | 166.64ms |             ::1 | GET      "/api/v1/companies?page=1&limit=10"
[GIN] 2026/07/24 - 12:17:03 | 200 |  990.4µs |             ::1 | GET      "/api/v1/companies?page=1&limit=10"
[GIN] 2026/07/24 - 12:17:03 | 200 |  999.8µs |             ::1 | GET      "/api/v1/companies?page=1&limit=10"
[GIN] 2026/07/24 - 12:17:03 | 304 |  39.26ms |             ::1 | GET      "/uploads/1a55adad8432f580_1784437436973812700.png"
[GIN] 2026/07/24 - 12:17:03 | 204 |       0s |             ::1 | OPTIONS  "/api/v1/shifts?page=1&limit=20"
[GIN] 2026/07/24 - 12:17:03 | 200 |  21.22ms |             ::1 | GET      "/api/v1/shifts?page=1&limit=20"
[GIN] 2026/07/24 - 12:17:04 | 204 |       0s |             ::1 | OPTIONS  "/api/v1/companies?limit=100"
[GIN] 2026/07/24 - 12:17:04 | 200 |  849.1µs |             ::1 | GET      "/api/v1/companies?limit=100"
[GIN] 2026/07/24 - 12:17:04 | 204 |       0s |             ::1 | OPTIONS  "/api/v1/temporary-shifts?page=1&limit=20&company_id=b0b60d1f-1bd8-4803-98ab-ecd40d8162f5"
[GIN] 2026/07/24 - 12:17:04 | 200 |  55.71ms |             ::1 | GET      "/api/v1/temporary-shifts?page=1&limit=20&company_id=b0b60d1f-1bd8-4803-98ab-ecd40d8162f5"
[GIN] 2026/07/24 - 12:17:04 | 204 |       0s |             ::1 | OPTIONS  "/api/v1/divisions?page=1&limit=20"
[GIN] 2026/07/24 - 12:17:04 | 204 |       0s |             ::1 | OPTIONS  "/api/v1/divisions?page=1&limit=20"
[GIN] 2026/07/24 - 12:17:04 | 200 |  10.41ms |             ::1 | GET      "/api/v1/divisions?page=1&limit=20"
[GIN] 2026/07/24 - 12:17:04 | 200 |  939.5µs |             ::1 | GET      "/api/v1/divisions?page=1&limit=20"
[GIN] 2026/07/24 - 12:17:05 | 204 |       0s |             ::1 | OPTIONS  "/api/v1/groups?page=1&limit=20"
[GIN] 2026/07/24 - 12:17:05 | 200 |  19.23ms |             ::1 | GET      "/api/v1/groups?page=1&limit=20"
[GIN] 2026/07/24 - 12:17:06 | 204 |       0s |             ::1 | OPTIONS  "/api/v1/floors?page=1&limit=20"
[GIN] 2026/07/24 - 12:17:06 | 200 |   2.14ms |             ::1 | GET      "/api/v1/floors?page=1&limit=20"
[GIN] 2026/07/24 - 12:27:17 | 204 |       0s |             ::1 | OPTIONS  "/api/v1/auth/me"
[GIN] 2026/07/24 - 12:27:17 | 200 |   1.13ms |             ::1 | GET      "/api/v1/auth/me"
[GIN] 2026/07/24 - 12:27:19 | 204 |       0s |             ::1 | OPTIONS  "/api/v1/auth/logout"
[GIN] 2026/07/24 - 12:27:19 | 400 |       0s |             ::1 | POST     "/api/v1/auth/logout"
[GIN] 2026/07/24 - 12:27:21 | 204 |    565µs |             ::1 | OPTIONS  "/api/v1/auth/login"

2026/07/24 12:27:21 [31;1mF:/softwer/hrhub/internal/repository/user.go:123 [35;1mrecord not found
[0m[33m[0.994ms] [34;1m[rows:0][0m SELECT * FROM "employees" WHERE (user_id = 'bc342b4c-9896-4658-a041-74f288b56098' AND deleted_at IS NULL) AND "employees"."deleted_at" IS NULL ORDER BY "employees"."id" LIMIT 1
[GIN] 2026/07/24 - 12:27:21 | 200 | 297.13ms |             ::1 | POST     "/api/v1/auth/login"
[GIN] 2026/07/24 - 12:27:21 | 200 |  640.9µs |             ::1 | GET      "/api/v1/auth/me"
[GIN] 2026/07/24 - 12:27:23 | 204 |       0s |             ::1 | OPTIONS  "/api/v1/companies?page=1&limit=10"
[GIN] 2026/07/24 - 12:27:23 | 204 |       0s |             ::1 | OPTIONS  "/api/v1/companies?page=1&limit=10"
[GIN] 2026/07/24 - 12:27:23 | 204 |       0s |             ::1 | OPTIONS  "/api/v1/companies?page=1&limit=10"
[GIN] 2026/07/24 - 12:27:23 | 200 |   1.12ms |             ::1 | GET      "/api/v1/companies?page=1&limit=10"
[GIN] 2026/07/24 - 12:27:23 | 200 |   1.52ms |             ::1 | GET      "/api/v1/companies?page=1&limit=10"
[GIN] 2026/07/24 - 12:27:23 | 200 |  847.4µs |             ::1 | GET      "/api/v1/companies?page=1&limit=10"
[GIN] 2026/07/24 - 12:27:25 | 204 |       0s |             ::1 | OPTIONS  "/api/v1/companies?limit=100"
[GIN] 2026/07/24 - 12:27:25 | 204 |       0s |             ::1 | OPTIONS  "/api/v1/departments?limit=100"
[GIN] 2026/07/24 - 12:27:25 | 204 |       0s |             ::1 | OPTIONS  "/api/v1/sections?limit=100"
[GIN] 2026/07/24 - 12:27:25 | 204 |       0s |             ::1 | OPTIONS  "/api/v1/designations?limit=100"
[GIN] 2026/07/24 - 12:27:25 | 204 |       0s |             ::1 | OPTIONS  "/api/v1/lines?limit=100"
[GIN] 2026/07/24 - 12:27:25 | 204 |       0s |             ::1 | OPTIONS  "/api/v1/groups?limit=100"
[GIN] 2026/07/24 - 12:27:25 | 200 |   1.81ms |             ::1 | GET      "/api/v1/companies?limit=100"
[GIN] 2026/07/24 - 12:27:25 | 204 |   1.01ms |             ::1 | OPTIONS  "/api/v1/shifts?limit=100"
[GIN] 2026/07/24 - 12:27:25 | 204 |       0s |             ::1 | OPTIONS  "/api/v1/attendance?date=2026-07-24&page=1&limit=20"
[GIN] 2026/07/24 - 12:27:25 | 204 |       0s |             ::1 | OPTIONS  "/api/v1/attendance?date=2026-07-24&page=1&limit=20"
[GIN] 2026/07/24 - 12:27:25 | 200 |   1.12ms |             ::1 | GET      "/api/v1/groups?limit=100"
[GIN] 2026/07/24 - 12:27:25 | 200 |  24.87ms |             ::1 | GET      "/api/v1/sections?limit=100"
[GIN] 2026/07/24 - 12:27:25 | 200 | 141.47ms |             ::1 | GET      "/api/v1/shifts?limit=100"
[GIN] 2026/07/24 - 12:27:25 | 200 | 158.05ms |             ::1 | GET      "/api/v1/lines?limit=100"
[GIN] 2026/07/24 - 12:27:25 | 200 | 312.15ms |             ::1 | GET      "/api/v1/departments?limit=100"

2026/07/24 12:27:25 [32mF:/softwer/hrhub/internal/repository/organization.go:93 [33mSLOW SQL >= 200ms
[0m[31;1m[228.068ms] [33m[rows:1][35m SELECT count(*) FROM "designations" WHERE deleted_at IS NULL AND "designations"."deleted_at" IS NULL[0m
[GIN] 2026/07/24 - 12:27:25 | 200 | 328.37ms |             ::1 | GET      "/api/v1/designations?limit=100"

2026/07/24 12:27:25 [32mF:/softwer/hrhub/internal/repository/attendance.go:40 [33mSLOW SQL >= 200ms
[0m[31;1m[339.181ms] [33m[rows:20][35m SELECT * FROM "attendances" WHERE (date = '2026-07-24' AND deleted_at IS NULL) AND "attendances"."deleted_at" IS NULL ORDER BY created_at ASC LIMIT 20[0m
[GIN] 2026/07/24 - 12:27:25 | 200 | 443.91ms |             ::1 | GET      "/api/v1/attendance?date=2026-07-24&page=1&limit=20"
[GIN] 2026/07/24 - 12:27:25 | 200 |   8.89ms |             ::1 | GET      "/api/v1/attendance?date=2026-07-24&page=1&limit=20"
[GIN] 2026/07/24 - 12:27:30 | 204 |       0s |             ::1 | OPTIONS  "/api/v1/attendance?date=2026-07-23&page=1&limit=20"
[GIN] 2026/07/24 - 12:27:30 | 200 |   4.53ms |             ::1 | GET      "/api/v1/attendance?date=2026-07-23&page=1&limit=20"
[GIN] 2026/07/24 - 12:31:08 | 403 |       0s |             ::1 | GET      "/api/v1/auth/me"
[GIN] 2026/07/24 - 12:31:13 | 403 |       0s |             ::1 | GET      "/api/v1/auth/me"
[GIN] 2026/07/24 - 12:47:26 | 401 |       0s |             ::1 | GET      "/api/v1/auth/me"
[GIN] 2026/07/24 - 12:49:52 | 401 |  67.81ms |             ::1 | GET      "/api/v1/auth/me"
[GIN] 2026/07/24 - 12:49:56 | 204 |       0s |             ::1 | OPTIONS  "/api/v1/auth/login"

2026/07/24 12:49:56 [31;1mF:/softwer/hrhub/internal/repository/user.go:20 [35;1mrecord not found
[0m[33m[6.836ms] [34;1m[rows:0][0m SELECT * FROM "users" WHERE (email = 'admin@erp.com' AND deleted_at IS NULL) AND "users"."deleted_at" IS NULL ORDER BY "users"."id" LIMIT 1
[GIN] 2026/07/24 - 12:49:56 | 401 |   6.83ms |             ::1 | POST     "/api/v1/auth/login"
[GIN] 2026/07/24 - 12:50:44 | 204 |       0s |             ::1 | OPTIONS  "/api/v1/auth/me"
[GIN] 2026/07/24 - 12:50:44 | 401 |       0s |             ::1 | GET      "/api/v1/auth/me"
[GIN] 2026/07/24 - 12:50:44 | 204 |    542µs |             ::1 | OPTIONS  "/api/v1/auth/refresh"

2026/07/24 12:50:44 [31;1mF:/softwer/hrhub/internal/repository/user.go:123 [35;1mrecord not found
[0m[33m[2.916ms] [34;1m[rows:0][0m SELECT * FROM "employees" WHERE (user_id = 'bc342b4c-9896-4658-a041-74f288b56098' AND deleted_at IS NULL) AND "employees"."deleted_at" IS NULL ORDER BY "employees"."id" LIMIT 1
[GIN] 2026/07/24 - 12:50:44 | 200 |  37.64ms |             ::1 | POST     "/api/v1/auth/refresh"
[GIN] 2026/07/24 - 12:50:44 | 200 |  14.31ms |             ::1 | GET      "/api/v1/auth/me"
[GIN] 2026/07/24 - 12:50:46 | 204 |       0s |             ::1 | OPTIONS  "/api/v1/companies?page=1&limit=10"
[GIN] 2026/07/24 - 12:50:46 | 204 |       0s |             ::1 | OPTIONS  "/api/v1/companies?page=1&limit=10"
[GIN] 2026/07/24 - 12:50:46 | 200 |   8.94ms |             ::1 | GET      "/api/v1/companies?page=1&limit=10"
[GIN] 2026/07/24 - 12:50:46 | 200 |    1.4ms |             ::1 | GET      "/api/v1/companies?page=1&limit=10"
[GIN] 2026/07/24 - 12:50:46 | 200 |  518.8µs |             ::1 | GET      "/api/v1/companies?page=1&limit=10"
[GIN] 2026/07/24 - 12:53:34 | 204 |       0s |             ::1 | OPTIONS  "/api/v1/data-logs/stats"
[GIN] 2026/07/24 - 12:53:34 | 200 | 142.62ms |             ::1 | GET      "/api/v1/data-logs/stats"
[GIN] 2026/07/24 - 12:53:38 | 204 |       0s |             ::1 | OPTIONS  "/api/v1/data-logs/import"
[GIN] 2026/07/24 - 12:53:40 | 200 |     1.5s |             ::1 | POST     "/api/v1/data-logs/import"
[GIN] 2026/07/24 - 12:53:40 | 204 |       0s |             ::1 | OPTIONS  "/api/v1/data-logs/stats"
[GIN] 2026/07/24 - 12:53:40 | 200 |   4.21ms |             ::1 | GET      "/api/v1/data-logs/stats"
[GIN] 2026/07/24 - 12:54:05 | 204 |       0s |             ::1 | OPTIONS  "/api/v1/attendance/stats"
[GIN] 2026/07/24 - 12:54:05 | 204 |   1.01ms |             ::1 | OPTIONS  "/api/v1/companies?limit=100"
[GIN] 2026/07/24 - 12:54:05 | 200 |      4ms |             ::1 | GET      "/api/v1/attendance/stats"
[GIN] 2026/07/24 - 12:54:05 | 200 |   4.29ms |             ::1 | GET      "/api/v1/companies?limit=100"
[GIN] 2026/07/24 - 12:54:10 | 204 |       0s |             ::1 | OPTIONS  "/api/v1/data-logs/process"
[GIN] 2026/07/24 - 12:54:11 | 200 | 669.15ms |             ::1 | POST     "/api/v1/data-logs/process"
[GIN] 2026/07/24 - 12:54:11 | 204 |       0s |             ::1 | OPTIONS  "/api/v1/attendance/stats"
[GIN] 2026/07/24 - 12:54:11 | 200 |  779.4µs |             ::1 | GET      "/api/v1/attendance/stats"
[GIN] 2026/07/24 - 12:55:08 | 204 |       0s |             ::1 | OPTIONS  "/api/v1/departments?limit=100"
[GIN] 2026/07/24 - 12:55:08 | 204 |       0s |             ::1 | OPTIONS  "/api/v1/companies?limit=100"
[GIN] 2026/07/24 - 12:55:08 | 204 |       0s |             ::1 | OPTIONS  "/api/v1/sections?limit=100"
[GIN] 2026/07/24 - 12:55:08 | 204 |       0s |             ::1 | OPTIONS  "/api/v1/designations?limit=100"
[GIN] 2026/07/24 - 12:55:08 | 204 |       0s |             ::1 | OPTIONS  "/api/v1/lines?limit=100"
[GIN] 2026/07/24 - 12:55:08 | 204 |       0s |             ::1 | OPTIONS  "/api/v1/groups?limit=100"
[GIN] 2026/07/24 - 12:55:08 | 200 |   5.52ms |             ::1 | GET      "/api/v1/departments?limit=100"
[GIN] 2026/07/24 - 12:55:08 | 204 |       0s |             ::1 | OPTIONS  "/api/v1/shifts?limit=100"
[GIN] 2026/07/24 - 12:55:08 | 200 |  997.8µs |             ::1 | GET      "/api/v1/lines?limit=100"
[GIN] 2026/07/24 - 12:55:08 | 200 |   7.62ms |             ::1 | GET      "/api/v1/designations?limit=100"
[GIN] 2026/07/24 - 12:55:08 | 204 |       0s |             ::1 | OPTIONS  "/api/v1/attendance?date=2026-07-24&page=1&limit=20"
[GIN] 2026/07/24 - 12:55:08 | 204 |       0s |             ::1 | OPTIONS  "/api/v1/attendance?date=2026-07-24&page=1&limit=20"
[GIN] 2026/07/24 - 12:55:08 | 200 |  17.52ms |             ::1 | GET      "/api/v1/groups?limit=100"
[GIN] 2026/07/24 - 12:55:08 | 200 |  27.93ms |             ::1 | GET      "/api/v1/shifts?limit=100"
[GIN] 2026/07/24 - 12:55:08 | 200 |   20.2ms |             ::1 | GET      "/api/v1/attendance?date=2026-07-24&page=1&limit=20"
[GIN] 2026/07/24 - 12:55:08 | 200 |   7.36ms |             ::1 | GET      "/api/v1/attendance?date=2026-07-24&page=1&limit=20"
[GIN] 2026/07/24 - 12:55:08 | 200 |   94.4ms |             ::1 | GET      "/api/v1/sections?limit=100"
[GIN] 2026/07/24 - 12:55:08 | 200 | 118.23ms |             ::1 | GET      "/api/v1/companies?limit=100"
[GIN] 2026/07/24 - 12:55:16 | 204 |       0s |             ::1 | OPTIONS  "/api/v1/attendance?date=2026-07-24&page=1&limit=20"
[GIN] 2026/07/24 - 12:55:16 | 200 |   4.36ms |             ::1 | GET      "/api/v1/attendance?date=2026-07-24&page=1&limit=20"
[GIN] 2026/07/24 - 12:55:24 | 204 |       0s |             ::1 | OPTIONS  "/api/v1/data-logs/stats"
[GIN] 2026/07/24 - 12:55:24 | 200 |  10.22ms |             ::1 | GET      "/api/v1/data-logs/stats"
[GIN] 2026/07/24 - 12:55:31 | 204 |       0s |             ::1 | OPTIONS  "/api/v1/companies?limit=100"
[GIN] 2026/07/24 - 12:55:31 | 204 |       0s |             ::1 | OPTIONS  "/api/v1/sections?limit=100"
[GIN] 2026/07/24 - 12:55:31 | 204 |       0s |             ::1 | OPTIONS  "/api/v1/departments?limit=100"
[GIN] 2026/07/24 - 12:55:31 | 204 |       0s |             ::1 | OPTIONS  "/api/v1/designations?limit=100"
[GIN] 2026/07/24 - 12:55:31 | 204 |       0s |             ::1 | OPTIONS  "/api/v1/lines?limit=100"
[GIN] 2026/07/24 - 12:55:31 | 204 |       0s |             ::1 | OPTIONS  "/api/v1/groups?limit=100"
[GIN] 2026/07/24 - 12:55:31 | 204 |       0s |             ::1 | OPTIONS  "/api/v1/shifts?limit=100"
[GIN] 2026/07/24 - 12:55:31 | 200 |   4.51ms |             ::1 | GET      "/api/v1/sections?limit=100"
[GIN] 2026/07/24 - 12:55:31 | 204 |       0s |             ::1 | OPTIONS  "/api/v1/attendance?date=2026-07-24&page=1&limit=20"
[GIN] 2026/07/24 - 12:55:31 | 200 |   4.51ms |             ::1 | GET      "/api/v1/companies?limit=100"
[GIN] 2026/07/24 - 12:55:31 | 204 |       0s |             ::1 | OPTIONS  "/api/v1/attendance?date=2026-07-24&page=1&limit=20"
[GIN] 2026/07/24 - 12:55:31 | 200 |   3.53ms |             ::1 | GET      "/api/v1/groups?limit=100"
[GIN] 2026/07/24 - 12:55:31 | 200 |   3.53ms |             ::1 | GET      "/api/v1/shifts?limit=100"
[GIN] 2026/07/24 - 12:55:31 | 200 | 109.29ms |             ::1 | GET      "/api/v1/designations?limit=100"
[GIN] 2026/07/24 - 12:55:31 | 200 | 107.75ms |             ::1 | GET      "/api/v1/attendance?date=2026-07-24&page=1&limit=20"
[GIN] 2026/07/24 - 12:55:31 | 200 | 129.63ms |             ::1 | GET      "/api/v1/departments?limit=100"
[GIN] 2026/07/24 - 12:55:31 | 200 | 121.32ms |             ::1 | GET      "/api/v1/lines?limit=100"
[GIN] 2026/07/24 - 12:55:31 | 200 |  28.31ms |             ::1 | GET      "/api/v1/attendance?date=2026-07-24&page=1&limit=20"
[GIN] 2026/07/24 - 12:55:32 | 204 |       0s |             ::1 | OPTIONS  "/api/v1/attendance/summary?start_date=2026-07-24&end_date=2026-07-24&group_by=department"
[GIN] 2026/07/24 - 12:55:32 | 200 |  510.7µs |             ::1 | GET      "/api/v1/companies?limit=100"
[GIN] 2026/07/24 - 12:55:32 | 200 |   3.01ms |             ::1 | GET      "/api/v1/shifts?limit=100"
[GIN] 2026/07/24 - 12:55:32 | 200 |   4.52ms |             ::1 | GET      "/api/v1/departments?limit=100"
[GIN] 2026/07/24 - 12:55:32 | 200 |  44.82ms |             ::1 | GET      "/api/v1/groups?limit=100"
[GIN] 2026/07/24 - 12:55:32 | 200 |  76.78ms |             ::1 | GET      "/api/v1/attendance/summary?start_date=2026-07-24&end_date=2026-07-24&group_by=department"
[GIN] 2026/07/24 - 12:55:35 | 200 |      1ms |             ::1 | GET      "/api/v1/departments?limit=100"
[GIN] 2026/07/24 - 12:55:35 | 200 |      1ms |             ::1 | GET      "/api/v1/companies?limit=100"
[GIN] 2026/07/24 - 12:55:35 | 200 |   1.15ms |             ::1 | GET      "/api/v1/sections?limit=100"
[GIN] 2026/07/24 - 12:55:35 | 200 |  509.5µs |             ::1 | GET      "/api/v1/groups?limit=100"
[GIN] 2026/07/24 - 12:55:35 | 200 |   2.97ms |             ::1 | GET      "/api/v1/designations?limit=100"
[GIN] 2026/07/24 - 12:55:35 | 200 |   4.06ms |             ::1 | GET      "/api/v1/shifts?limit=100"
[GIN] 2026/07/24 - 12:55:35 | 200 |   6.22ms |             ::1 | GET      "/api/v1/attendance?date=2026-07-24&page=1&limit=20"
[GIN] 2026/07/24 - 12:55:35 | 200 |   7.99ms |             ::1 | GET      "/api/v1/attendance?date=2026-07-24&page=1&limit=20"
[GIN] 2026/07/24 - 12:55:35 | 200 |  49.59ms |             ::1 | GET      "/api/v1/lines?limit=100"
[GIN] 2026/07/24 - 12:55:40 | 204 |       0s |             ::1 | OPTIONS  "/api/v1/companies?limit=100"
[GIN] 2026/07/24 - 12:55:40 | 204 |   1.01ms |             ::1 | OPTIONS  "/api/v1/departments?limit=100"
[GIN] 2026/07/24 - 12:55:40 | 204 |       0s |             ::1 | OPTIONS  "/api/v1/groups?limit=100"
[GIN] 2026/07/24 - 12:55:40 | 200 |   1.51ms |             ::1 | GET      "/api/v1/departments?limit=100"
[GIN] 2026/07/24 - 12:55:40 | 204 |       0s |             ::1 | OPTIONS  "/api/v1/shifts?limit=100"
[GIN] 2026/07/24 - 12:55:40 | 204 |       0s |             ::1 | OPTIONS  "/api/v1/attendance/summary?start_date=2026-07-24&end_date=2026-07-24&group_by=department"
[GIN] 2026/07/24 - 12:55:40 | 200 |  699.5µs |             ::1 | GET      "/api/v1/shifts?limit=100"
[GIN] 2026/07/24 - 12:55:40 | 200 |   2.97ms |             ::1 | GET      "/api/v1/attendance/summary?start_date=2026-07-24&end_date=2026-07-24&group_by=department"
[GIN] 2026/07/24 - 12:55:40 | 200 |  57.02ms |             ::1 | GET      "/api/v1/groups?limit=100"
[GIN] 2026/07/24 - 12:55:40 | 200 | 152.53ms |             ::1 | GET      "/api/v1/companies?limit=100"
[GIN] 2026/07/24 - 12:55:42 | 204 |       0s |             ::1 | OPTIONS  "/api/v1/attendance?date=2026-07-24&page=1&limit=20"
[GIN] 2026/07/24 - 12:55:42 | 204 |       0s |             ::1 | OPTIONS  "/api/v1/sections?limit=100"
[GIN] 2026/07/24 - 12:55:42 | 204 |       0s |             ::1 | OPTIONS  "/api/v1/attendance?date=2026-07-24&page=1&limit=20"
[GIN] 2026/07/24 - 12:55:42 | 204 |       0s |             ::1 | OPTIONS  "/api/v1/lines?limit=100"
[GIN] 2026/07/24 - 12:55:42 | 204 |       0s |             ::1 | OPTIONS  "/api/v1/designations?limit=100"
[GIN] 2026/07/24 - 12:55:42 | 200 |  16.52ms |             ::1 | GET      "/api/v1/shifts?limit=100"
[GIN] 2026/07/24 - 12:55:42 | 200 |  18.47ms |             ::1 | GET      "/api/v1/companies?limit=100"
[GIN] 2026/07/24 - 12:55:42 | 200 |      1ms |             ::1 | GET      "/api/v1/lines?limit=100"
[GIN] 2026/07/24 - 12:55:42 | 200 |      1ms |             ::1 | GET      "/api/v1/designations?limit=100"
[GIN] 2026/07/24 - 12:55:42 | 200 |  76.06ms |             ::1 | GET      "/api/v1/sections?limit=100"
[GIN] 2026/07/24 - 12:55:42 | 200 |  83.06ms |             ::1 | GET      "/api/v1/departments?limit=100"
[GIN] 2026/07/24 - 12:55:42 | 200 | 100.12ms |             ::1 | GET      "/api/v1/groups?limit=100"
[GIN] 2026/07/24 - 12:55:42 | 200 |  90.12ms |             ::1 | GET      "/api/v1/attendance?date=2026-07-24&page=1&limit=20"
[GIN] 2026/07/24 - 12:55:42 | 200 |  37.21ms |             ::1 | GET      "/api/v1/attendance?date=2026-07-24&page=1&limit=20"
[GIN] 2026/07/24 - 12:55:48 | 204 |       0s |             ::1 | OPTIONS  "/api/v1/dashboard/stats"
[GIN] 2026/07/24 - 12:55:48 | 200 |  97.05ms |             ::1 | GET      "/api/v1/dashboard/stats"
[GIN] 2026/07/24 - 12:56:04 | 204 |       0s |             ::1 | OPTIONS  "/api/v1/dashboard/stats"
[GIN] 2026/07/24 - 12:56:04 | 204 |       0s |             ::1 | OPTIONS  "/api/v1/employees?status=active&limit=10"
[GIN] 2026/07/24 - 12:56:04 | 204 |       0s |             ::1 | OPTIONS  "/api/v1/separations"
[GIN] 2026/07/24 - 12:56:04 | 200 |  23.32ms |             ::1 | GET      "/api/v1/dashboard/stats"
[GIN] 2026/07/24 - 12:56:04 | 200 |  28.19ms |             ::1 | GET      "/api/v1/employees?status=active&limit=10"
[GIN] 2026/07/24 - 12:56:04 | 200 |  55.23ms |             ::1 | GET      "/api/v1/separations"
[GIN] 2026/07/24 - 12:56:09 | 204 |       0s |             ::1 | OPTIONS  "/api/v1/dashboard/stats"
[GIN] 2026/07/24 - 12:56:09 | 200 |  29.14ms |             ::1 | GET      "/api/v1/dashboard/stats"
[GIN] 2026/07/24 - 12:56:43 | 204 |       0s |             ::1 | OPTIONS  "/api/v1/auth/logout"
[GIN] 2026/07/24 - 12:56:43 | 400 |       0s |             ::1 | POST     "/api/v1/auth/logout"
[GIN] 2026/07/24 - 12:56:46 | 204 |       0s |             ::1 | OPTIONS  "/api/v1/auth/login"

2026/07/24 12:56:46 [31;1mF:/softwer/hrhub/internal/repository/user.go:123 [35;1mrecord not found
[0m[33m[0.000ms] [34;1m[rows:0][0m SELECT * FROM "employees" WHERE (user_id = 'bc342b4c-9896-4658-a041-74f288b56098' AND deleted_at IS NULL) AND "employees"."deleted_at" IS NULL ORDER BY "employees"."id" LIMIT 1
[GIN] 2026/07/24 - 12:56:46 | 200 | 282.53ms |             ::1 | POST     "/api/v1/auth/login"
[GIN] 2026/07/24 - 12:56:46 | 204 |       0s |             ::1 | OPTIONS  "/api/v1/auth/me"
[GIN] 2026/07/24 - 12:56:46 | 200 |   1.34ms |             ::1 | GET      "/api/v1/auth/me"
[GIN] 2026/07/24 - 12:57:23 | 204 |       0s |             ::1 | OPTIONS  "/api/v1/employees?employee_type=Regular&status=active&page=1&limit=20"
[GIN] 2026/07/24 - 12:57:23 | 204 |       0s |             ::1 | OPTIONS  "/api/v1/departments?limit=100"
[GIN] 2026/07/24 - 12:57:23 | 204 |       0s |             ::1 | OPTIONS  "/api/v1/companies?limit=100"
[GIN] 2026/07/24 - 12:57:24 | 204 |  998.5µs |             ::1 | OPTIONS  "/api/v1/floors?limit=100"
[GIN] 2026/07/24 - 12:57:24 | 204 |       0s |             ::1 | OPTIONS  "/api/v1/groups?limit=100"
[GIN] 2026/07/24 - 12:57:24 | 204 |       0s |             ::1 | OPTIONS  "/api/v1/shifts?limit=100"
[GIN] 2026/07/24 - 12:57:24 | 200 |    3.4ms |             ::1 | GET      "/api/v1/shifts?limit=100"
[GIN] 2026/07/24 - 12:57:24 | 200 |   2.82ms |             ::1 | GET      "/api/v1/groups?limit=100"
[GIN] 2026/07/24 - 12:57:24 | 200 |   4.54ms |             ::1 | GET      "/api/v1/floors?limit=100"
[GIN] 2026/07/24 - 12:57:24 | 200 |  31.93ms |             ::1 | GET      "/api/v1/employees?employee_type=Regular&status=active&page=1&limit=20"
[GIN] 2026/07/24 - 12:57:24 | 200 |  80.85ms |             ::1 | GET      "/api/v1/companies?limit=100"
[GIN] 2026/07/24 - 12:57:24 | 200 |  83.89ms |             ::1 | GET      "/api/v1/departments?limit=100"
[GIN] 2026/07/24 - 12:57:24 | 200 |   6.13ms |             ::1 | GET      "/api/v1/employees?employee_type=Regular&status=active&page=1&limit=20"
[GIN] 2026/07/24 - 12:57:29 | 204 |       0s |             ::1 | OPTIONS  "/api/v1/requirements/section-summary"
[GIN] 2026/07/24 - 12:57:29 | 200 |  53.95ms |             ::1 | GET      "/api/v1/requirements/section-summary"
[GIN] 2026/07/24 - 12:57:30 | 204 |       0s |             ::1 | OPTIONS  "/api/v1/lines"
[GIN] 2026/07/24 - 12:57:30 | 204 |       0s |             ::1 | OPTIONS  "/api/v1/designations"
[GIN] 2026/07/24 - 12:57:30 | 204 |       0s |             ::1 | OPTIONS  "/api/v1/departments?limit=100"
[GIN] 2026/07/24 - 12:57:30 | 204 |       0s |             ::1 | OPTIONS  "/api/v1/groups"
[GIN] 2026/07/24 - 12:57:30 | 204 |       0s |             ::1 | OPTIONS  "/api/v1/companies?limit=100"
[GIN] 2026/07/24 - 12:57:30 | 204 |       0s |             ::1 | OPTIONS  "/api/v1/sections"
[GIN] 2026/07/24 - 12:57:30 | 204 |       0s |             ::1 | OPTIONS  "/api/v1/separations?date_from=2026-06-30&date_to=2026-07-24&page=1&limit=20"
[GIN] 2026/07/24 - 12:57:30 | 204 |       0s |             ::1 | OPTIONS  "/api/v1/separations?date_from=2026-06-30&date_to=2026-07-24&page=1&limit=20"
[GIN] 2026/07/24 - 12:57:30 | 200 |   1.52ms |             ::1 | GET      "/api/v1/lines"
[GIN] 2026/07/24 - 12:57:30 | 200 |      1ms |             ::1 | GET      "/api/v1/sections"
[GIN] 2026/07/24 - 12:57:30 | 200 |   1.93ms |             ::1 | GET      "/api/v1/designations"
[GIN] 2026/07/24 - 12:57:30 | 200 |   2.61ms |             ::1 | GET      "/api/v1/groups"
[GIN] 2026/07/24 - 12:57:30 | 200 |   5.86ms |             ::1 | GET      "/api/v1/companies?limit=100"
[GIN] 2026/07/24 - 12:57:30 | 200 |    3.6ms |             ::1 | GET      "/api/v1/separations?date_from=2026-06-30&date_to=2026-07-24&page=1&limit=20"
[GIN] 2026/07/24 - 12:57:30 | 200 |   2.67ms |             ::1 | GET      "/api/v1/separations?date_from=2026-06-30&date_to=2026-07-24&page=1&limit=20"
[GIN] 2026/07/24 - 12:57:30 | 200 |  66.79ms |             ::1 | GET      "/api/v1/departments?limit=100"
[GIN] 2026/07/24 - 12:57:35 | 204 |       0s |             ::1 | OPTIONS  "/api/v1/companies?page=1&limit=10"
[GIN] 2026/07/24 - 12:57:35 | 204 |       0s |             ::1 | OPTIONS  "/api/v1/companies?page=1&limit=10"
[GIN] 2026/07/24 - 12:57:35 | 204 |       0s |             ::1 | OPTIONS  "/api/v1/companies?page=1&limit=10"
[GIN] 2026/07/24 - 12:57:35 | 200 |   1.47ms |             ::1 | GET      "/api/v1/companies?page=1&limit=10"
[GIN] 2026/07/24 - 12:57:35 | 200 |   1.92ms |             ::1 | GET      "/api/v1/companies?page=1&limit=10"
[GIN] 2026/07/24 - 12:57:35 | 200 |   2.29ms |             ::1 | GET      "/api/v1/companies?page=1&limit=10"
[GIN] 2026/07/24 - 13:00:50 | 204 |       0s |             ::1 | OPTIONS  "/api/v1/auth/me"
[GIN] 2026/07/24 - 13:00:50 | 204 |       0s |             ::1 | OPTIONS  "/api/v1/companies?page=1&limit=10"
[GIN] 2026/07/24 - 13:00:50 | 204 |   1.01ms |             ::1 | OPTIONS  "/api/v1/companies?page=1&limit=10"
[GIN] 2026/07/24 - 13:00:50 | 204 |       0s |             ::1 | OPTIONS  "/api/v1/companies?page=1&limit=10"
[GIN] 2026/07/24 - 13:00:50 | 200 |   1.52ms |             ::1 | GET      "/api/v1/companies?page=1&limit=10"
[GIN] 2026/07/24 - 13:00:50 | 200 |    5.7ms |             ::1 | GET      "/api/v1/auth/me"
[GIN] 2026/07/24 - 13:00:50 | 200 |   2.89ms |             ::1 | GET      "/api/v1/companies?page=1&limit=10"
[GIN] 2026/07/24 - 13:00:50 | 200 |  16.96ms |             ::1 | GET      "/api/v1/companies?page=1&limit=10"
